<?xml version="1.0" encoding="utf-8"?>
<TestRun id="69d29eb7-914a-4e00-bd10-a38a41297dec" name="Jean@DESKTOP-NPGRIRC 2024-10-31 13:26:37" runUser="DESKTOP-NPGRIRC\Jean" xmlns="http://microsoft.com/schemas/VisualStudio/TeamTest/2010">
  <Times creation="2024-10-31T13:26:37.2417731-03:00" queuing="2024-10-31T13:26:37.2417734-03:00" start="2024-10-31T13:26:35.3778173-03:00" finish="2024-10-31T13:26:37.2479294-03:00" />
  <TestSettings name="default" id="89ae9126-df54-44e6-9400-9f3bacf8d73b">
    <Deployment runDeploymentRoot="Jean_DESKTOP-NPGRIRC_2024-10-31_13_26_37" />
  </TestSettings>
  <Results>
    <UnitTestResult executionId="05187af0-3e6f-4553-b4b7-ec279eb65dc6" testId="b2cccc02-b82a-967b-66ee-eab781c86d67" testName="ApiTests.Domain.Services.ServiceAdministrator.TestSaveAdministrator" computerName="DESKTOP-NPGRIRC" duration="00:00:01.0218512" startTime="2024-10-31T13:26:37.1193492-03:00" endTime="2024-10-31T13:26:37.1193784-03:00" testType="13cdc9d9-ddb5-4fa4-a97d-d965ccfc6d4b" outcome="Passed" testListId="8c84fa94-04c1-424b-9868-57a2d4851a1d" relativeResultsDirectory="05187af0-3e6f-4553-b4b7-ec279eb65dc6" />
  </Results>
  <TestDefinitions>
    <UnitTest name="ApiTests.Domain.Services.ServiceAdministrator.TestSaveAdministrator" storage="c:\xampp\htdocs\minimals-apis\minimal-api\api-tests\bin\debug\net8.0\api-tests.dll" id="b2cccc02-b82a-967b-66ee-eab781c86d67">
      <Execution id="05187af0-3e6f-4553-b4b7-ec279eb65dc6" />
      <TestMethod codeBase="C:\xampp\htdocs\minimals-apis\minimal-api\api-tests\bin\Debug\net8.0\api-tests.dll" adapterTypeName="executor://xunit/VsTestRunner2/netcoreapp" className="ApiTests.Domain.Services.ServiceAdministrator" name="TestSaveAdministrator" />
    </UnitTest>
  </TestDefinitions>
  <TestEntries>
    <TestEntry testId="b2cccc02-b82a-967b-66ee-eab781c86d67" executionId="05187af0-3e6f-4553-b4b7-ec279eb65dc6" testListId="8c84fa94-04c1-424b-9868-57a2d4851a1d" />
  </TestEntries>
  <TestLists>
    <TestList name="Resultados que não estão em uma lista" id="8c84fa94-04c1-424b-9868-57a2d4851a1d" />
    <TestList name="Todos os resultados carregados" id="19431567-8539-422a-85d7-44ee4e166bda" />
  </TestLists>
  <ResultSummary outcome="Completed">
    <Counters total="1" executed="1" passed="1" failed="0" error="0" timeout="0" aborted="0" inconclusive="0" passedButRunAborted="0" notRunnable="0" notExecuted="0" disconnected="0" warning="0" completed="0" inProgress="0" pending="0" />
    <Output>
      <StdOut>[xUnit.net 00:00:00.00] xUnit.net VSTest Adapter v2.5.3.1+6b60a9e56a (64-bit .NET 8.0.8)&#xD;
[xUnit.net 00:00:00.09]   Discovering: api-tests&#xD;
[xUnit.net 00:00:00.13]   Discovered:  api-tests&#xD;
[xUnit.net 00:00:00.14]   Starting:    api-tests&#xD;
[xUnit.net 00:00:01.20]   Finished:    api-tests&#xD;
</StdOut>
    </Output>
  </ResultSummary>
</TestRun>